<?xml version="1.0" ?>
<testsuite errors="0" failures="0" name="testMyMath-20180822163956" tests="2" time="0.000">
	<testcase classname="testMyMath" name="test_add" time="0.000"/>
	<testcase classname="testMyMath" name="test_subtract" time="0.000"/>
	<system-out>
<![CDATA[]]>	</system-out>
	<system-err>
<![CDATA[]]>	</system-err>
</testsuite>
